2016-11-08 17:36:48,982 DEBUG(NiceForestService.java:34): Server started
2016-11-08 17:36:50,552 DEBUG(NiceForestContainer.java:24): Handling request
2016-11-08 17:36:50,555 DEBUG(TaskSimple.java:39): Starting task
2016-11-08 17:36:50,679 DEBUG(CreateDruidQuery.java:271): Checking parameters...
2016-11-08 17:36:50,680 DEBUG(CreateDruidQuery.java:230): Params OK. Preparing query...
2016-11-08 17:36:50,682 INFO (CreateDruidQuery.java:239): CreateDruidQuery [select=[avg_bitrate, buffer_underruns, buffer_underrun_total, viewtime, startup_time, outBytes],fromDate=1970-01-01T01:00:00.000+01:00,toDate=2016-11-08T17:36:50.588+01:00,dataSource=youbora_events_65,filter=[user_id == "13285346", event_type == "STOP"],granularity=ALL,limit=2,groupBy=false,orderBy=[timestamp DESC],having=[]]
2016-11-08 17:36:50,690 DEBUG(SelectQuery.java:34): Created select query: 
 {"queryType": "select","dataSource": "youbora_events_65","granularity": "all","descending": "true","dimensions":[],"metrics":["avg_bitrate", "buffer_underruns", "buffer_underrun_total", "viewtime", "startup_time", "outBytes"],"filter": { "type": "and","fields":[{"type":"selector", "dimension":"user_id", "value":"13285346"}, {"type":"selector", "dimension":"event_type", "value":"STOP"}]},"intervals": ["1970-01-01T01:00:00.000+01:00/2016-11-08T17:36:50.588+01:00"],"pagingSpec":{"pagingIdentifiers":{}, "threshold":2, "fromNext": true},"context":{"timeout":40000}}
2016-11-08 17:36:50,691 DEBUG(DruidBrokerUtil.java:28): POSTing query to http://druid-brokers-nl.youbora.com/druid/v2/?pretty.
2016-11-08 17:36:50,869 DEBUG(DruidBrokerUtil.java:125): Query resolved by druid lib broker in 178ms.
2016-11-08 17:36:50,870 DEBUG(DruidBrokerUtil.java:126): JSON result correctly received with 2 rows.
2016-11-08 17:36:50,871 DEBUG(CreateDruidQuery.java:271): Checking parameters...
2016-11-08 17:36:50,872 DEBUG(CreateDruidQuery.java:230): Params OK. Preparing query...
2016-11-08 17:36:50,873 INFO (CreateDruidQuery.java:239): CreateDruidQuery [select=[SUM(avg_bitrate) AS sum_avg_bitrate, COUNT(*) AS count, (sum_avg_bitrate / count) AS avg_avg_bitrate, SUM(buffer_underruns) AS sum_buffer_underruns, (sum_buffer_underruns / count) AS avg_buffer_underruns, SUM(viewtime) AS sum_viewtime, (sum_viewtime / count) AS avg_viewtime, SUM(startup_time) AS sum_startup_time, (sum_startup_time / count) AS avg_startup_time, SUM(buffer_underrun_total/viewtime) AS sumOfBufferRatios, (SUM(sumOfBufferRatios) / SUM(count)) AS avg_buffer_ratio],fromDate=1970-01-01T01:00:00.000+01:00,toDate=2016-11-08T17:36:50.588+01:00,dataSource=youbora_events_65,filter=[user_id == "13285346"],granularity=ALL,limit=100,groupBy=true,orderBy=[],having=[]]
2016-11-08 17:36:50,875 DEBUG(TimeseriesQuery.java:24): Created timeseries query: 
 {"queryType": "timeseries","dataSource": "youbora_events_65","granularity": "all","filter": { "type": "and","fields":[{"type":"selector", "dimension":"user_id", "value":"13285346"}]},"aggregations":[{"type":"doubleSum", "name":"sum_avg_bitrate", "fieldName":"avg_bitrate"}, {"type":"count","name":"count"}, {"type":"doubleSum", "name":"sum_buffer_underruns", "fieldName":"buffer_underruns"}, {"type":"doubleSum", "name":"sum_viewtime", "fieldName":"viewtime"}, {"type":"doubleSum", "name":"sum_startup_time", "fieldName":"startup_time"}, {"type":"javascript","name":"sumOfBufferRatios","fieldNames":["buffer_underrun_total","viewtime","viewtime"],"fnAggregate":"function(current,buffer_underrun_total,viewtime,viewtime){if(viewtime > 0){return current + (buffer_underrun_total/viewtime);}else{return current;}}","fnCombine":"function(partialA, partialB){return partialA + partialB;}","fnReset":"function(){return 0;}"}],"postAggregations":[{"type":"arithmetic","name":"avg_avg_bitrate","fn":"/","fields":[{"type":"fieldAccess","fieldName":"sum_avg_bitrate"},{"type":"fieldAccess","fieldName":"count"}]}, {"type":"arithmetic","name":"avg_buffer_underruns","fn":"/","fields":[{"type":"fieldAccess","fieldName":"sum_buffer_underruns"},{"type":"fieldAccess","fieldName":"count"}]}, {"type":"arithmetic","name":"avg_viewtime","fn":"/","fields":[{"type":"fieldAccess","fieldName":"sum_viewtime"},{"type":"fieldAccess","fieldName":"count"}]}, {"type":"arithmetic","name":"avg_startup_time","fn":"/","fields":[{"type":"fieldAccess","fieldName":"sum_startup_time"},{"type":"fieldAccess","fieldName":"count"}]}, {"type":"arithmetic","name":"avg_buffer_ratio","fn":"/","fields":[{"type":"fieldAccess","fieldName":"sumOfBufferRatios"},{"type":"fieldAccess","fieldName":"count"}]}],"intervals": ["1970-01-01T01:00:00.000+01:00/2016-11-08T17:36:50.588+01:00"],"context":{"skipEmptyBuckets":"false","timeout":40000}}
2016-11-08 17:36:50,876 DEBUG(DruidBrokerUtil.java:28): POSTing query to http://druid-brokers-nl.youbora.com/druid/v2/?pretty.
2016-11-08 17:36:50,954 DEBUG(DruidBrokerUtil.java:125): Query resolved by druid lib broker in 78ms.
2016-11-08 17:36:50,954 DEBUG(DruidBrokerUtil.java:126): JSON result correctly received with 1 rows.
2016-11-08 17:36:54,050 DEBUG(TaskSimple.java:66): 1
2016-11-08 17:36:54,095 DEBUG(TaskSimple.java:74): 1
2016-11-08 17:38:56,289 DEBUG(NiceForestContainer.java:24): Handling request
2016-11-08 17:38:56,290 DEBUG(TaskSimple.java:39): Starting task
2016-11-08 17:38:56,292 DEBUG(CreateDruidQuery.java:271): Checking parameters...
2016-11-08 17:38:56,292 DEBUG(CreateDruidQuery.java:230): Params OK. Preparing query...
2016-11-08 17:38:56,292 INFO (CreateDruidQuery.java:239): CreateDruidQuery [select=[avg_bitrate, buffer_underruns, buffer_underrun_total, viewtime, startup_time, outBytes],fromDate=1970-01-01T01:00:00.000+01:00,toDate=2016-11-08T17:38:56.291+01:00,dataSource=youbora_events_65,filter=[user_id == "10979174", event_type == "STOP"],granularity=ALL,limit=2,groupBy=false,orderBy=[timestamp DESC],having=[]]
2016-11-08 17:38:56,293 DEBUG(SelectQuery.java:34): Created select query: 
 {"queryType": "select","dataSource": "youbora_events_65","granularity": "all","descending": "true","dimensions":[],"metrics":["avg_bitrate", "buffer_underruns", "buffer_underrun_total", "viewtime", "startup_time", "outBytes"],"filter": { "type": "and","fields":[{"type":"selector", "dimension":"user_id", "value":"10979174"}, {"type":"selector", "dimension":"event_type", "value":"STOP"}]},"intervals": ["1970-01-01T01:00:00.000+01:00/2016-11-08T17:38:56.291+01:00"],"pagingSpec":{"pagingIdentifiers":{}, "threshold":2, "fromNext": true},"context":{"timeout":40000}}
2016-11-08 17:38:56,294 DEBUG(DruidBrokerUtil.java:28): POSTing query to http://druid-brokers-nl.youbora.com/druid/v2/?pretty.
2016-11-08 17:38:56,665 DEBUG(DruidBrokerUtil.java:125): Query resolved by druid lib broker in 371ms.
2016-11-08 17:38:56,665 DEBUG(DruidBrokerUtil.java:126): JSON result correctly received with 2 rows.
2016-11-08 17:38:56,666 DEBUG(CreateDruidQuery.java:271): Checking parameters...
2016-11-08 17:38:56,666 DEBUG(CreateDruidQuery.java:230): Params OK. Preparing query...
2016-11-08 17:38:56,666 INFO (CreateDruidQuery.java:239): CreateDruidQuery [select=[SUM(avg_bitrate) AS sum_avg_bitrate, COUNT(*) AS count, (sum_avg_bitrate / count) AS avg_avg_bitrate, SUM(buffer_underruns) AS sum_buffer_underruns, (sum_buffer_underruns / count) AS avg_buffer_underruns, SUM(viewtime) AS sum_viewtime, (sum_viewtime / count) AS avg_viewtime, SUM(startup_time) AS sum_startup_time, (sum_startup_time / count) AS avg_startup_time, SUM(buffer_underrun_total/viewtime) AS sumOfBufferRatios, (SUM(sumOfBufferRatios) / SUM(count)) AS avg_buffer_ratio],fromDate=1970-01-01T01:00:00.000+01:00,toDate=2016-11-08T17:38:56.291+01:00,dataSource=youbora_events_65,filter=[user_id == "10979174"],granularity=ALL,limit=100,groupBy=true,orderBy=[],having=[]]
2016-11-08 17:38:56,667 DEBUG(TimeseriesQuery.java:24): Created timeseries query: 
 {"queryType": "timeseries","dataSource": "youbora_events_65","granularity": "all","filter": { "type": "and","fields":[{"type":"selector", "dimension":"user_id", "value":"10979174"}]},"aggregations":[{"type":"doubleSum", "name":"sum_avg_bitrate", "fieldName":"avg_bitrate"}, {"type":"count","name":"count"}, {"type":"doubleSum", "name":"sum_buffer_underruns", "fieldName":"buffer_underruns"}, {"type":"doubleSum", "name":"sum_viewtime", "fieldName":"viewtime"}, {"type":"doubleSum", "name":"sum_startup_time", "fieldName":"startup_time"}, {"type":"javascript","name":"sumOfBufferRatios","fieldNames":["buffer_underrun_total","viewtime","viewtime"],"fnAggregate":"function(current,buffer_underrun_total,viewtime,viewtime){if(viewtime > 0){return current + (buffer_underrun_total/viewtime);}else{return current;}}","fnCombine":"function(partialA, partialB){return partialA + partialB;}","fnReset":"function(){return 0;}"}],"postAggregations":[{"type":"arithmetic","name":"avg_avg_bitrate","fn":"/","fields":[{"type":"fieldAccess","fieldName":"sum_avg_bitrate"},{"type":"fieldAccess","fieldName":"count"}]}, {"type":"arithmetic","name":"avg_buffer_underruns","fn":"/","fields":[{"type":"fieldAccess","fieldName":"sum_buffer_underruns"},{"type":"fieldAccess","fieldName":"count"}]}, {"type":"arithmetic","name":"avg_viewtime","fn":"/","fields":[{"type":"fieldAccess","fieldName":"sum_viewtime"},{"type":"fieldAccess","fieldName":"count"}]}, {"type":"arithmetic","name":"avg_startup_time","fn":"/","fields":[{"type":"fieldAccess","fieldName":"sum_startup_time"},{"type":"fieldAccess","fieldName":"count"}]}, {"type":"arithmetic","name":"avg_buffer_ratio","fn":"/","fields":[{"type":"fieldAccess","fieldName":"sumOfBufferRatios"},{"type":"fieldAccess","fieldName":"count"}]}],"intervals": ["1970-01-01T01:00:00.000+01:00/2016-11-08T17:38:56.291+01:00"],"context":{"skipEmptyBuckets":"false","timeout":40000}}
2016-11-08 17:38:56,667 DEBUG(DruidBrokerUtil.java:28): POSTing query to http://druid-brokers-nl.youbora.com/druid/v2/?pretty.
2016-11-08 17:38:56,800 DEBUG(DruidBrokerUtil.java:125): Query resolved by druid lib broker in 133ms.
2016-11-08 17:38:56,801 DEBUG(DruidBrokerUtil.java:126): JSON result correctly received with 1 rows.
2016-11-08 17:38:58,111 DEBUG(TaskSimple.java:66): 1
2016-11-08 17:38:58,112 DEBUG(TaskSimple.java:74): 1
