2016-11-14 18:28:26,335 DEBUG(FUAService.java:41): Server started
2016-11-14 18:29:32,045 DEBUG(FUAContainer.java:19): Handling request
2016-11-14 18:29:32,046 DEBUG(FUATask.java:41): Starting task
2016-11-14 18:29:32,106 DEBUG(CreateDruidQuery.java:271): Checking parameters...
2016-11-14 18:29:32,107 DEBUG(CreateDruidQuery.java:230): Params OK. Preparing query...
2016-11-14 18:29:32,109 INFO (CreateDruidQuery.java:239): CreateDruidQuery [select=[avg_bitrate, buffer_underruns, buffer_underrun_total, viewtime, startup_time, outBytes, timestamp],fromDate=1970-01-01T01:00:00.000+01:00,toDate=2016-11-14T18:29:32.054+01:00,dataSource=youbora_events_13,filter=[user_id == "843352", event_type == "STOP"],granularity=ALL,limit=2,groupBy=false,orderBy=[timestamp DESC],having=[]]
2016-11-14 18:29:32,115 DEBUG(SelectQuery.java:34): Created select query: 
 {"queryType": "select","dataSource": "youbora_events_13","granularity": "all","descending": "true","dimensions":[],"metrics":["avg_bitrate", "buffer_underruns", "buffer_underrun_total", "viewtime", "startup_time", "outBytes"],"filter": { "type": "and","fields":[{"type":"selector", "dimension":"user_id", "value":"843352"}, {"type":"selector", "dimension":"event_type", "value":"STOP"}]},"intervals": ["1970-01-01T01:00:00.000+01:00/2016-11-14T18:29:32.054+01:00"],"pagingSpec":{"pagingIdentifiers":{}, "threshold":2, "fromNext": true},"context":{"timeout":40000}}
2016-11-14 18:29:32,116 DEBUG(DruidBrokerUtil.java:28): POSTing query to http://druid-brokers-nl.youbora.com/druid/v2/?pretty.
2016-11-14 18:29:32,342 DEBUG(DruidBrokerUtil.java:125): Query resolved by druid lib broker in 225ms.
2016-11-14 18:29:32,342 DEBUG(DruidBrokerUtil.java:126): JSON result correctly received with 2 rows.
2016-11-14 18:30:42,667 DEBUG(FUAContainer.java:19): Handling request
2016-11-14 18:30:42,668 DEBUG(FUATask.java:41): Starting task
2016-11-14 18:30:42,669 DEBUG(CreateDruidQuery.java:271): Checking parameters...
2016-11-14 18:30:42,670 DEBUG(CreateDruidQuery.java:230): Params OK. Preparing query...
2016-11-14 18:30:42,670 INFO (CreateDruidQuery.java:239): CreateDruidQuery [select=[avg_bitrate, buffer_underruns, buffer_underrun_total, viewtime, startup_time, outBytes, timestamp],fromDate=1970-01-01T01:00:00.000+01:00,toDate=2016-11-14T18:30:42.669+01:00,dataSource=youbora_events_13,filter=[user_id == "843352", event_type == "STOP"],granularity=ALL,limit=2,groupBy=false,orderBy=[timestamp DESC],having=[]]
2016-11-14 18:30:42,670 DEBUG(SelectQuery.java:34): Created select query: 
 {"queryType": "select","dataSource": "youbora_events_13","granularity": "all","descending": "true","dimensions":[],"metrics":["avg_bitrate", "buffer_underruns", "buffer_underrun_total", "viewtime", "startup_time", "outBytes"],"filter": { "type": "and","fields":[{"type":"selector", "dimension":"user_id", "value":"843352"}, {"type":"selector", "dimension":"event_type", "value":"STOP"}]},"intervals": ["1970-01-01T01:00:00.000+01:00/2016-11-14T18:30:42.669+01:00"],"pagingSpec":{"pagingIdentifiers":{}, "threshold":2, "fromNext": true},"context":{"timeout":40000}}
2016-11-14 18:30:42,670 DEBUG(DruidBrokerUtil.java:28): POSTing query to http://druid-brokers-nl.youbora.com/druid/v2/?pretty.
2016-11-14 18:30:42,820 DEBUG(DruidBrokerUtil.java:125): Query resolved by druid lib broker in 149ms.
2016-11-14 18:30:42,820 DEBUG(DruidBrokerUtil.java:126): JSON result correctly received with 2 rows.
