2016-11-08 17:33:43,950 DEBUG(NiceForestService.java:34): Server started
2016-11-08 17:33:47,606 DEBUG(NiceForestContainer.java:24): Handling request
2016-11-08 17:33:47,610 DEBUG(TaskSimple.java:39): Starting task
2016-11-08 17:33:47,704 DEBUG(CreateDruidQuery.java:271): Checking parameters...
2016-11-08 17:33:47,705 DEBUG(CreateDruidQuery.java:230): Params OK. Preparing query...
2016-11-08 17:33:47,707 INFO (CreateDruidQuery.java:239): CreateDruidQuery [select=[avg_bitrate, buffer_underruns, buffer_underrun_total, viewtime, startup_time, outBytes],fromDate=1970-01-01T01:00:00.000+01:00,toDate=2016-11-08T17:33:47.624+01:00,dataSource=youbora_events_65,filter=[user_id == "13285346", event_type == "STOP"],granularity=ALL,limit=2,groupBy=false,orderBy=[timestamp DESC],having=[]]
2016-11-08 17:33:47,718 DEBUG(SelectQuery.java:34): Created select query: 
 {"queryType": "select","dataSource": "youbora_events_65","granularity": "all","descending": "true","dimensions":[],"metrics":["avg_bitrate", "buffer_underruns", "buffer_underrun_total", "viewtime", "startup_time", "outBytes"],"filter": { "type": "and","fields":[{"type":"selector", "dimension":"user_id", "value":"13285346"}, {"type":"selector", "dimension":"event_type", "value":"STOP"}]},"intervals": ["1970-01-01T01:00:00.000+01:00/2016-11-08T17:33:47.624+01:00"],"pagingSpec":{"pagingIdentifiers":{}, "threshold":2, "fromNext": true},"context":{"timeout":40000}}
2016-11-08 17:33:47,719 DEBUG(DruidBrokerUtil.java:28): POSTing query to http://druid-brokers-nl.youbora.com/druid/v2/?pretty.
2016-11-08 17:33:47,974 DEBUG(DruidBrokerUtil.java:125): Query resolved by druid lib broker in 255ms.
2016-11-08 17:33:47,975 DEBUG(DruidBrokerUtil.java:126): JSON result correctly received with 2 rows.
2016-11-08 17:33:47,977 DEBUG(CreateDruidQuery.java:271): Checking parameters...
2016-11-08 17:33:47,981 DEBUG(CreateDruidQuery.java:230): Params OK. Preparing query...
2016-11-08 17:33:47,982 INFO (CreateDruidQuery.java:239): CreateDruidQuery [select=[SUM(avg_bitrate) AS sum_avg_bitrate, COUNT(*) AS count, (sum_avg_bitrate / count) AS avg_avg_bitrate, SUM(buffer_underruns) AS sum_buffer_underruns, (sum_buffer_underruns / count) AS avg_buffer_underruns, SUM(viewtime) AS sum_viewtime, (sum_viewtime / count) AS avg_viewtime, SUM(startup_time) AS sum_startup_time, (sum_startup_time / count) AS avg_startup_time, SUM(buffer_underrun_total/viewtime) AS sumOfBufferRatios, (SUM(sumOfBufferRatios) / SUM(count)) AS avg_buffer_ratio],fromDate=1970-01-01T01:00:00.000+01:00,toDate=2016-11-08T17:33:47.624+01:00,dataSource=youbora_events_65,filter=[user_id == "13285346"],granularity=ALL,limit=100,groupBy=true,orderBy=[],having=[]]
2016-11-08 17:33:47,985 DEBUG(TimeseriesQuery.java:24): Created timeseries query: 
 {"queryType": "timeseries","dataSource": "youbora_events_65","granularity": "all","filter": { "type": "and","fields":[{"type":"selector", "dimension":"user_id", "value":"13285346"}]},"aggregations":[{"type":"doubleSum", "name":"sum_avg_bitrate", "fieldName":"avg_bitrate"}, {"type":"count","name":"count"}, {"type":"doubleSum", "name":"sum_buffer_underruns", "fieldName":"buffer_underruns"}, {"type":"doubleSum", "name":"sum_viewtime", "fieldName":"viewtime"}, {"type":"doubleSum", "name":"sum_startup_time", "fieldName":"startup_time"}, {"type":"javascript","name":"sumOfBufferRatios","fieldNames":["buffer_underrun_total","viewtime","viewtime"],"fnAggregate":"function(current,buffer_underrun_total,viewtime,viewtime){if(viewtime > 0){return current + (buffer_underrun_total/viewtime);}else{return current;}}","fnCombine":"function(partialA, partialB){return partialA + partialB;}","fnReset":"function(){return 0;}"}],"postAggregations":[{"type":"arithmetic","name":"avg_avg_bitrate","fn":"/","fields":[{"type":"fieldAccess","fieldName":"sum_avg_bitrate"},{"type":"fieldAccess","fieldName":"count"}]}, {"type":"arithmetic","name":"avg_buffer_underruns","fn":"/","fields":[{"type":"fieldAccess","fieldName":"sum_buffer_underruns"},{"type":"fieldAccess","fieldName":"count"}]}, {"type":"arithmetic","name":"avg_viewtime","fn":"/","fields":[{"type":"fieldAccess","fieldName":"sum_viewtime"},{"type":"fieldAccess","fieldName":"count"}]}, {"type":"arithmetic","name":"avg_startup_time","fn":"/","fields":[{"type":"fieldAccess","fieldName":"sum_startup_time"},{"type":"fieldAccess","fieldName":"count"}]}, {"type":"arithmetic","name":"avg_buffer_ratio","fn":"/","fields":[{"type":"fieldAccess","fieldName":"sumOfBufferRatios"},{"type":"fieldAccess","fieldName":"count"}]}],"intervals": ["1970-01-01T01:00:00.000+01:00/2016-11-08T17:33:47.624+01:00"],"context":{"skipEmptyBuckets":"false","timeout":40000}}
2016-11-08 17:33:47,986 DEBUG(DruidBrokerUtil.java:28): POSTing query to http://druid-brokers-nl.youbora.com/druid/v2/?pretty.
2016-11-08 17:33:48,082 DEBUG(DruidBrokerUtil.java:125): Query resolved by druid lib broker in 95ms.
2016-11-08 17:33:48,084 DEBUG(DruidBrokerUtil.java:126): JSON result correctly received with 1 rows.
2016-11-08 17:33:50,961 DEBUG(TaskSimple.java:66): 1
2016-11-08 17:33:50,989 DEBUG(TaskSimple.java:74): 1
