2016-11-08 18:05:04,940 DEBUG(NiceForestService.java:34): Server started
2016-11-08 18:05:13,970 DEBUG(NiceForestContainer.java:24): Handling request
2016-11-08 18:05:13,971 DEBUG(TaskSimple.java:39): Starting task
2016-11-08 18:05:14,057 DEBUG(CreateDruidQuery.java:271): Checking parameters...
2016-11-08 18:05:14,057 DEBUG(CreateDruidQuery.java:230): Params OK. Preparing query...
2016-11-08 18:05:14,060 INFO (CreateDruidQuery.java:239): CreateDruidQuery [select=[avg_bitrate, buffer_underruns, buffer_underrun_total, viewtime, startup_time, outBytes],fromDate=1970-01-01T01:00:00.000+01:00,toDate=2016-11-08T18:05:13.983+01:00,dataSource=youbora_events_65,filter=[user_id == "10979174", event_type == "STOP"],granularity=ALL,limit=2,groupBy=false,orderBy=[timestamp DESC],having=[]]
2016-11-08 18:05:14,065 DEBUG(SelectQuery.java:34): Created select query: 
 {"queryType": "select","dataSource": "youbora_events_65","granularity": "all","descending": "true","dimensions":[],"metrics":["avg_bitrate", "buffer_underruns", "buffer_underrun_total", "viewtime", "startup_time", "outBytes"],"filter": { "type": "and","fields":[{"type":"selector", "dimension":"user_id", "value":"10979174"}, {"type":"selector", "dimension":"event_type", "value":"STOP"}]},"intervals": ["1970-01-01T01:00:00.000+01:00/2016-11-08T18:05:13.983+01:00"],"pagingSpec":{"pagingIdentifiers":{}, "threshold":2, "fromNext": true},"context":{"timeout":40000}}
2016-11-08 18:05:14,066 DEBUG(DruidBrokerUtil.java:28): POSTing query to http://druid-brokers-nl.youbora.com/druid/v2/?pretty.
2016-11-08 18:05:14,304 DEBUG(DruidBrokerUtil.java:125): Query resolved by druid lib broker in 237ms.
2016-11-08 18:05:14,305 DEBUG(DruidBrokerUtil.java:126): JSON result correctly received with 2 rows.
2016-11-08 18:05:14,307 DEBUG(CreateDruidQuery.java:271): Checking parameters...
2016-11-08 18:05:14,309 DEBUG(CreateDruidQuery.java:230): Params OK. Preparing query...
2016-11-08 18:05:14,310 INFO (CreateDruidQuery.java:239): CreateDruidQuery [select=[SUM(avg_bitrate) AS sum_avg_bitrate, COUNT(*) AS count, (sum_avg_bitrate / count) AS avg_avg_bitrate, SUM(buffer_underruns) AS sum_buffer_underruns, (sum_buffer_underruns / count) AS avg_buffer_underruns, SUM(viewtime) AS sum_viewtime, (sum_viewtime / count) AS avg_viewtime, SUM(startup_time) AS sum_startup_time, (sum_startup_time / count) AS avg_startup_time, SUM(buffer_underrun_total/viewtime) AS sumOfBufferRatios, (SUM(sumOfBufferRatios) / SUM(count)) AS avg_buffer_ratio],fromDate=1970-01-01T01:00:00.000+01:00,toDate=2016-11-08T18:05:13.983+01:00,dataSource=youbora_events_65,filter=[user_id == "10979174"],granularity=ALL,limit=100,groupBy=true,orderBy=[],having=[]]
2016-11-08 18:05:14,312 DEBUG(TimeseriesQuery.java:24): Created timeseries query: 
 {"queryType": "timeseries","dataSource": "youbora_events_65","granularity": "all","filter": { "type": "and","fields":[{"type":"selector", "dimension":"user_id", "value":"10979174"}]},"aggregations":[{"type":"doubleSum", "name":"sum_avg_bitrate", "fieldName":"avg_bitrate"}, {"type":"count","name":"count"}, {"type":"doubleSum", "name":"sum_buffer_underruns", "fieldName":"buffer_underruns"}, {"type":"doubleSum", "name":"sum_viewtime", "fieldName":"viewtime"}, {"type":"doubleSum", "name":"sum_startup_time", "fieldName":"startup_time"}, {"type":"javascript","name":"sumOfBufferRatios","fieldNames":["buffer_underrun_total","viewtime","viewtime"],"fnAggregate":"function(current,buffer_underrun_total,viewtime,viewtime){if(viewtime > 0){return current + (buffer_underrun_total/viewtime);}else{return current;}}","fnCombine":"function(partialA, partialB){return partialA + partialB;}","fnReset":"function(){return 0;}"}],"postAggregations":[{"type":"arithmetic","name":"avg_avg_bitrate","fn":"/","fields":[{"type":"fieldAccess","fieldName":"sum_avg_bitrate"},{"type":"fieldAccess","fieldName":"count"}]}, {"type":"arithmetic","name":"avg_buffer_underruns","fn":"/","fields":[{"type":"fieldAccess","fieldName":"sum_buffer_underruns"},{"type":"fieldAccess","fieldName":"count"}]}, {"type":"arithmetic","name":"avg_viewtime","fn":"/","fields":[{"type":"fieldAccess","fieldName":"sum_viewtime"},{"type":"fieldAccess","fieldName":"count"}]}, {"type":"arithmetic","name":"avg_startup_time","fn":"/","fields":[{"type":"fieldAccess","fieldName":"sum_startup_time"},{"type":"fieldAccess","fieldName":"count"}]}, {"type":"arithmetic","name":"avg_buffer_ratio","fn":"/","fields":[{"type":"fieldAccess","fieldName":"sumOfBufferRatios"},{"type":"fieldAccess","fieldName":"count"}]}],"intervals": ["1970-01-01T01:00:00.000+01:00/2016-11-08T18:05:13.983+01:00"],"context":{"skipEmptyBuckets":"false","timeout":40000}}
2016-11-08 18:05:14,314 DEBUG(DruidBrokerUtil.java:28): POSTing query to http://druid-brokers-nl.youbora.com/druid/v2/?pretty.
2016-11-08 18:05:14,408 DEBUG(DruidBrokerUtil.java:125): Query resolved by druid lib broker in 94ms.
2016-11-08 18:05:14,409 DEBUG(DruidBrokerUtil.java:126): JSON result correctly received with 1 rows.
2016-11-08 18:05:17,007 DEBUG(TaskSimple.java:66): 0
2016-11-08 18:05:17,037 DEBUG(TaskSimple.java:74): 0
2016-11-08 18:05:19,064 DEBUG(NiceForestContainer.java:24): Handling request
2016-11-08 18:05:19,065 DEBUG(TaskSimple.java:39): Starting task
2016-11-08 18:05:19,066 DEBUG(CreateDruidQuery.java:271): Checking parameters...
2016-11-08 18:05:19,066 DEBUG(CreateDruidQuery.java:230): Params OK. Preparing query...
2016-11-08 18:05:19,066 INFO (CreateDruidQuery.java:239): CreateDruidQuery [select=[avg_bitrate, buffer_underruns, buffer_underrun_total, viewtime, startup_time, outBytes],fromDate=1970-01-01T01:00:00.000+01:00,toDate=2016-11-08T18:05:19.066+01:00,dataSource=youbora_events_65,filter=[user_id == "10979174", event_type == "STOP"],granularity=ALL,limit=2,groupBy=false,orderBy=[timestamp DESC],having=[]]
2016-11-08 18:05:19,067 DEBUG(SelectQuery.java:34): Created select query: 
 {"queryType": "select","dataSource": "youbora_events_65","granularity": "all","descending": "true","dimensions":[],"metrics":["avg_bitrate", "buffer_underruns", "buffer_underrun_total", "viewtime", "startup_time", "outBytes"],"filter": { "type": "and","fields":[{"type":"selector", "dimension":"user_id", "value":"10979174"}, {"type":"selector", "dimension":"event_type", "value":"STOP"}]},"intervals": ["1970-01-01T01:00:00.000+01:00/2016-11-08T18:05:19.066+01:00"],"pagingSpec":{"pagingIdentifiers":{}, "threshold":2, "fromNext": true},"context":{"timeout":40000}}
2016-11-08 18:05:19,067 DEBUG(DruidBrokerUtil.java:28): POSTing query to http://druid-brokers-nl.youbora.com/druid/v2/?pretty.
2016-11-08 18:05:19,155 DEBUG(DruidBrokerUtil.java:125): Query resolved by druid lib broker in 87ms.
2016-11-08 18:05:19,155 DEBUG(DruidBrokerUtil.java:126): JSON result correctly received with 2 rows.
2016-11-08 18:05:19,156 DEBUG(CreateDruidQuery.java:271): Checking parameters...
2016-11-08 18:05:19,156 DEBUG(CreateDruidQuery.java:230): Params OK. Preparing query...
2016-11-08 18:05:19,156 INFO (CreateDruidQuery.java:239): CreateDruidQuery [select=[SUM(avg_bitrate) AS sum_avg_bitrate, COUNT(*) AS count, (sum_avg_bitrate / count) AS avg_avg_bitrate, SUM(buffer_underruns) AS sum_buffer_underruns, (sum_buffer_underruns / count) AS avg_buffer_underruns, SUM(viewtime) AS sum_viewtime, (sum_viewtime / count) AS avg_viewtime, SUM(startup_time) AS sum_startup_time, (sum_startup_time / count) AS avg_startup_time, SUM(buffer_underrun_total/viewtime) AS sumOfBufferRatios, (SUM(sumOfBufferRatios) / SUM(count)) AS avg_buffer_ratio],fromDate=1970-01-01T01:00:00.000+01:00,toDate=2016-11-08T18:05:19.066+01:00,dataSource=youbora_events_65,filter=[user_id == "10979174"],granularity=ALL,limit=100,groupBy=true,orderBy=[],having=[]]
2016-11-08 18:05:19,157 DEBUG(TimeseriesQuery.java:24): Created timeseries query: 
 {"queryType": "timeseries","dataSource": "youbora_events_65","granularity": "all","filter": { "type": "and","fields":[{"type":"selector", "dimension":"user_id", "value":"10979174"}]},"aggregations":[{"type":"doubleSum", "name":"sum_avg_bitrate", "fieldName":"avg_bitrate"}, {"type":"count","name":"count"}, {"type":"doubleSum", "name":"sum_buffer_underruns", "fieldName":"buffer_underruns"}, {"type":"doubleSum", "name":"sum_viewtime", "fieldName":"viewtime"}, {"type":"doubleSum", "name":"sum_startup_time", "fieldName":"startup_time"}, {"type":"javascript","name":"sumOfBufferRatios","fieldNames":["buffer_underrun_total","viewtime","viewtime"],"fnAggregate":"function(current,buffer_underrun_total,viewtime,viewtime){if(viewtime > 0){return current + (buffer_underrun_total/viewtime);}else{return current;}}","fnCombine":"function(partialA, partialB){return partialA + partialB;}","fnReset":"function(){return 0;}"}],"postAggregations":[{"type":"arithmetic","name":"avg_avg_bitrate","fn":"/","fields":[{"type":"fieldAccess","fieldName":"sum_avg_bitrate"},{"type":"fieldAccess","fieldName":"count"}]}, {"type":"arithmetic","name":"avg_buffer_underruns","fn":"/","fields":[{"type":"fieldAccess","fieldName":"sum_buffer_underruns"},{"type":"fieldAccess","fieldName":"count"}]}, {"type":"arithmetic","name":"avg_viewtime","fn":"/","fields":[{"type":"fieldAccess","fieldName":"sum_viewtime"},{"type":"fieldAccess","fieldName":"count"}]}, {"type":"arithmetic","name":"avg_startup_time","fn":"/","fields":[{"type":"fieldAccess","fieldName":"sum_startup_time"},{"type":"fieldAccess","fieldName":"count"}]}, {"type":"arithmetic","name":"avg_buffer_ratio","fn":"/","fields":[{"type":"fieldAccess","fieldName":"sumOfBufferRatios"},{"type":"fieldAccess","fieldName":"count"}]}],"intervals": ["1970-01-01T01:00:00.000+01:00/2016-11-08T18:05:19.066+01:00"],"context":{"skipEmptyBuckets":"false","timeout":40000}}
2016-11-08 18:05:19,157 DEBUG(DruidBrokerUtil.java:28): POSTing query to http://druid-brokers-nl.youbora.com/druid/v2/?pretty.
2016-11-08 18:05:19,253 DEBUG(DruidBrokerUtil.java:125): Query resolved by druid lib broker in 96ms.
2016-11-08 18:05:19,254 DEBUG(DruidBrokerUtil.java:126): JSON result correctly received with 1 rows.
2016-11-08 18:05:20,663 DEBUG(TaskSimple.java:66): 0
2016-11-08 18:05:20,665 DEBUG(TaskSimple.java:74): 0
2016-11-08 18:05:21,412 DEBUG(NiceForestContainer.java:24): Handling request
2016-11-08 18:05:21,415 DEBUG(TaskSimple.java:39): Starting task
2016-11-08 18:05:21,417 DEBUG(CreateDruidQuery.java:271): Checking parameters...
2016-11-08 18:05:21,418 DEBUG(CreateDruidQuery.java:230): Params OK. Preparing query...
2016-11-08 18:05:21,419 INFO (CreateDruidQuery.java:239): CreateDruidQuery [select=[avg_bitrate, buffer_underruns, buffer_underrun_total, viewtime, startup_time, outBytes],fromDate=1970-01-01T01:00:00.000+01:00,toDate=2016-11-08T18:05:21.417+01:00,dataSource=youbora_events_65,filter=[user_id == "10979174", event_type == "STOP"],granularity=ALL,limit=2,groupBy=false,orderBy=[timestamp DESC],having=[]]
2016-11-08 18:05:21,420 DEBUG(SelectQuery.java:34): Created select query: 
 {"queryType": "select","dataSource": "youbora_events_65","granularity": "all","descending": "true","dimensions":[],"metrics":["avg_bitrate", "buffer_underruns", "buffer_underrun_total", "viewtime", "startup_time", "outBytes"],"filter": { "type": "and","fields":[{"type":"selector", "dimension":"user_id", "value":"10979174"}, {"type":"selector", "dimension":"event_type", "value":"STOP"}]},"intervals": ["1970-01-01T01:00:00.000+01:00/2016-11-08T18:05:21.417+01:00"],"pagingSpec":{"pagingIdentifiers":{}, "threshold":2, "fromNext": true},"context":{"timeout":40000}}
2016-11-08 18:05:21,421 DEBUG(DruidBrokerUtil.java:28): POSTing query to http://druid-brokers-nl.youbora.com/druid/v2/?pretty.
2016-11-08 18:05:21,503 DEBUG(DruidBrokerUtil.java:125): Query resolved by druid lib broker in 82ms.
2016-11-08 18:05:21,504 DEBUG(DruidBrokerUtil.java:126): JSON result correctly received with 2 rows.
2016-11-08 18:05:21,504 DEBUG(CreateDruidQuery.java:271): Checking parameters...
2016-11-08 18:05:21,504 DEBUG(CreateDruidQuery.java:230): Params OK. Preparing query...
2016-11-08 18:05:21,504 INFO (CreateDruidQuery.java:239): CreateDruidQuery [select=[SUM(avg_bitrate) AS sum_avg_bitrate, COUNT(*) AS count, (sum_avg_bitrate / count) AS avg_avg_bitrate, SUM(buffer_underruns) AS sum_buffer_underruns, (sum_buffer_underruns / count) AS avg_buffer_underruns, SUM(viewtime) AS sum_viewtime, (sum_viewtime / count) AS avg_viewtime, SUM(startup_time) AS sum_startup_time, (sum_startup_time / count) AS avg_startup_time, SUM(buffer_underrun_total/viewtime) AS sumOfBufferRatios, (SUM(sumOfBufferRatios) / SUM(count)) AS avg_buffer_ratio],fromDate=1970-01-01T01:00:00.000+01:00,toDate=2016-11-08T18:05:21.417+01:00,dataSource=youbora_events_65,filter=[user_id == "10979174"],granularity=ALL,limit=100,groupBy=true,orderBy=[],having=[]]
2016-11-08 18:05:21,505 DEBUG(TimeseriesQuery.java:24): Created timeseries query: 
 {"queryType": "timeseries","dataSource": "youbora_events_65","granularity": "all","filter": { "type": "and","fields":[{"type":"selector", "dimension":"user_id", "value":"10979174"}]},"aggregations":[{"type":"doubleSum", "name":"sum_avg_bitrate", "fieldName":"avg_bitrate"}, {"type":"count","name":"count"}, {"type":"doubleSum", "name":"sum_buffer_underruns", "fieldName":"buffer_underruns"}, {"type":"doubleSum", "name":"sum_viewtime", "fieldName":"viewtime"}, {"type":"doubleSum", "name":"sum_startup_time", "fieldName":"startup_time"}, {"type":"javascript","name":"sumOfBufferRatios","fieldNames":["buffer_underrun_total","viewtime","viewtime"],"fnAggregate":"function(current,buffer_underrun_total,viewtime,viewtime){if(viewtime > 0){return current + (buffer_underrun_total/viewtime);}else{return current;}}","fnCombine":"function(partialA, partialB){return partialA + partialB;}","fnReset":"function(){return 0;}"}],"postAggregations":[{"type":"arithmetic","name":"avg_avg_bitrate","fn":"/","fields":[{"type":"fieldAccess","fieldName":"sum_avg_bitrate"},{"type":"fieldAccess","fieldName":"count"}]}, {"type":"arithmetic","name":"avg_buffer_underruns","fn":"/","fields":[{"type":"fieldAccess","fieldName":"sum_buffer_underruns"},{"type":"fieldAccess","fieldName":"count"}]}, {"type":"arithmetic","name":"avg_viewtime","fn":"/","fields":[{"type":"fieldAccess","fieldName":"sum_viewtime"},{"type":"fieldAccess","fieldName":"count"}]}, {"type":"arithmetic","name":"avg_startup_time","fn":"/","fields":[{"type":"fieldAccess","fieldName":"sum_startup_time"},{"type":"fieldAccess","fieldName":"count"}]}, {"type":"arithmetic","name":"avg_buffer_ratio","fn":"/","fields":[{"type":"fieldAccess","fieldName":"sumOfBufferRatios"},{"type":"fieldAccess","fieldName":"count"}]}],"intervals": ["1970-01-01T01:00:00.000+01:00/2016-11-08T18:05:21.417+01:00"],"context":{"skipEmptyBuckets":"false","timeout":40000}}
2016-11-08 18:05:21,505 DEBUG(DruidBrokerUtil.java:28): POSTing query to http://druid-brokers-nl.youbora.com/druid/v2/?pretty.
2016-11-08 18:05:21,583 DEBUG(DruidBrokerUtil.java:125): Query resolved by druid lib broker in 78ms.
2016-11-08 18:05:21,583 DEBUG(DruidBrokerUtil.java:126): JSON result correctly received with 1 rows.
2016-11-08 18:05:22,855 DEBUG(TaskSimple.java:66): 0
2016-11-08 18:05:22,857 DEBUG(TaskSimple.java:74): 0
2016-11-08 18:05:27,693 DEBUG(NiceForestContainer.java:24): Handling request
2016-11-08 18:05:27,693 DEBUG(TaskSimple.java:39): Starting task
2016-11-08 18:05:27,694 DEBUG(CreateDruidQuery.java:271): Checking parameters...
2016-11-08 18:05:27,694 DEBUG(CreateDruidQuery.java:230): Params OK. Preparing query...
2016-11-08 18:05:27,695 INFO (CreateDruidQuery.java:239): CreateDruidQuery [select=[avg_bitrate, buffer_underruns, buffer_underrun_total, viewtime, startup_time, outBytes],fromDate=1970-01-01T01:00:00.000+01:00,toDate=2016-11-08T18:05:27.694+01:00,dataSource=youbora_events_65,filter=[user_id == "10979174", event_type == "STOP"],granularity=ALL,limit=2,groupBy=false,orderBy=[timestamp DESC],having=[]]
2016-11-08 18:05:27,695 DEBUG(SelectQuery.java:34): Created select query: 
 {"queryType": "select","dataSource": "youbora_events_65","granularity": "all","descending": "true","dimensions":[],"metrics":["avg_bitrate", "buffer_underruns", "buffer_underrun_total", "viewtime", "startup_time", "outBytes"],"filter": { "type": "and","fields":[{"type":"selector", "dimension":"user_id", "value":"10979174"}, {"type":"selector", "dimension":"event_type", "value":"STOP"}]},"intervals": ["1970-01-01T01:00:00.000+01:00/2016-11-08T18:05:27.694+01:00"],"pagingSpec":{"pagingIdentifiers":{}, "threshold":2, "fromNext": true},"context":{"timeout":40000}}
2016-11-08 18:05:27,696 DEBUG(DruidBrokerUtil.java:28): POSTing query to http://druid-brokers-nl.youbora.com/druid/v2/?pretty.
2016-11-08 18:05:27,769 DEBUG(DruidBrokerUtil.java:125): Query resolved by druid lib broker in 73ms.
2016-11-08 18:05:27,770 DEBUG(DruidBrokerUtil.java:126): JSON result correctly received with 2 rows.
2016-11-08 18:05:27,770 DEBUG(CreateDruidQuery.java:271): Checking parameters...
2016-11-08 18:05:27,770 DEBUG(CreateDruidQuery.java:230): Params OK. Preparing query...
2016-11-08 18:05:27,770 INFO (CreateDruidQuery.java:239): CreateDruidQuery [select=[SUM(avg_bitrate) AS sum_avg_bitrate, COUNT(*) AS count, (sum_avg_bitrate / count) AS avg_avg_bitrate, SUM(buffer_underruns) AS sum_buffer_underruns, (sum_buffer_underruns / count) AS avg_buffer_underruns, SUM(viewtime) AS sum_viewtime, (sum_viewtime / count) AS avg_viewtime, SUM(startup_time) AS sum_startup_time, (sum_startup_time / count) AS avg_startup_time, SUM(buffer_underrun_total/viewtime) AS sumOfBufferRatios, (SUM(sumOfBufferRatios) / SUM(count)) AS avg_buffer_ratio],fromDate=1970-01-01T01:00:00.000+01:00,toDate=2016-11-08T18:05:27.694+01:00,dataSource=youbora_events_65,filter=[user_id == "10979174"],granularity=ALL,limit=100,groupBy=true,orderBy=[],having=[]]
2016-11-08 18:05:27,771 DEBUG(TimeseriesQuery.java:24): Created timeseries query: 
 {"queryType": "timeseries","dataSource": "youbora_events_65","granularity": "all","filter": { "type": "and","fields":[{"type":"selector", "dimension":"user_id", "value":"10979174"}]},"aggregations":[{"type":"doubleSum", "name":"sum_avg_bitrate", "fieldName":"avg_bitrate"}, {"type":"count","name":"count"}, {"type":"doubleSum", "name":"sum_buffer_underruns", "fieldName":"buffer_underruns"}, {"type":"doubleSum", "name":"sum_viewtime", "fieldName":"viewtime"}, {"type":"doubleSum", "name":"sum_startup_time", "fieldName":"startup_time"}, {"type":"javascript","name":"sumOfBufferRatios","fieldNames":["buffer_underrun_total","viewtime","viewtime"],"fnAggregate":"function(current,buffer_underrun_total,viewtime,viewtime){if(viewtime > 0){return current + (buffer_underrun_total/viewtime);}else{return current;}}","fnCombine":"function(partialA, partialB){return partialA + partialB;}","fnReset":"function(){return 0;}"}],"postAggregations":[{"type":"arithmetic","name":"avg_avg_bitrate","fn":"/","fields":[{"type":"fieldAccess","fieldName":"sum_avg_bitrate"},{"type":"fieldAccess","fieldName":"count"}]}, {"type":"arithmetic","name":"avg_buffer_underruns","fn":"/","fields":[{"type":"fieldAccess","fieldName":"sum_buffer_underruns"},{"type":"fieldAccess","fieldName":"count"}]}, {"type":"arithmetic","name":"avg_viewtime","fn":"/","fields":[{"type":"fieldAccess","fieldName":"sum_viewtime"},{"type":"fieldAccess","fieldName":"count"}]}, {"type":"arithmetic","name":"avg_startup_time","fn":"/","fields":[{"type":"fieldAccess","fieldName":"sum_startup_time"},{"type":"fieldAccess","fieldName":"count"}]}, {"type":"arithmetic","name":"avg_buffer_ratio","fn":"/","fields":[{"type":"fieldAccess","fieldName":"sumOfBufferRatios"},{"type":"fieldAccess","fieldName":"count"}]}],"intervals": ["1970-01-01T01:00:00.000+01:00/2016-11-08T18:05:27.694+01:00"],"context":{"skipEmptyBuckets":"false","timeout":40000}}
2016-11-08 18:05:27,771 DEBUG(DruidBrokerUtil.java:28): POSTing query to http://druid-brokers-nl.youbora.com/druid/v2/?pretty.
2016-11-08 18:05:27,859 DEBUG(DruidBrokerUtil.java:125): Query resolved by druid lib broker in 88ms.
2016-11-08 18:05:27,860 DEBUG(DruidBrokerUtil.java:126): JSON result correctly received with 1 rows.
2016-11-08 18:05:30,162 DEBUG(TaskSimple.java:66): 0
2016-11-08 18:05:30,164 DEBUG(TaskSimple.java:74): 0
