2016-11-08 18:15:41,125 DEBUG(NiceForestService.java:34): Server started
2016-11-08 18:15:45,685 DEBUG(NiceForestContainer.java:29): Handling request
2016-11-08 18:15:45,686 DEBUG(TaskSimple.java:39): Starting task
2016-11-08 18:15:45,764 DEBUG(CreateDruidQuery.java:271): Checking parameters...
2016-11-08 18:15:45,765 DEBUG(CreateDruidQuery.java:230): Params OK. Preparing query...
2016-11-08 18:15:45,768 INFO (CreateDruidQuery.java:239): CreateDruidQuery [select=[avg_bitrate, buffer_underruns, buffer_underrun_total, viewtime, startup_time, outBytes],fromDate=1970-01-01T01:00:00.000+01:00,toDate=2016-11-08T18:15:45.693+01:00,dataSource=youbora_events_13,filter=[user_id == "12760828", event_type == "STOP"],granularity=ALL,limit=2,groupBy=false,orderBy=[timestamp DESC],having=[]]
2016-11-08 18:15:45,774 DEBUG(SelectQuery.java:34): Created select query: 
 {"queryType": "select","dataSource": "youbora_events_13","granularity": "all","descending": "true","dimensions":[],"metrics":["avg_bitrate", "buffer_underruns", "buffer_underrun_total", "viewtime", "startup_time", "outBytes"],"filter": { "type": "and","fields":[{"type":"selector", "dimension":"user_id", "value":"12760828"}, {"type":"selector", "dimension":"event_type", "value":"STOP"}]},"intervals": ["1970-01-01T01:00:00.000+01:00/2016-11-08T18:15:45.693+01:00"],"pagingSpec":{"pagingIdentifiers":{}, "threshold":2, "fromNext": true},"context":{"timeout":40000}}
2016-11-08 18:15:45,775 DEBUG(DruidBrokerUtil.java:28): POSTing query to http://druid-brokers-nl.youbora.com/druid/v2/?pretty.
2016-11-08 18:15:46,414 DEBUG(DruidBrokerUtil.java:125): Query resolved by druid lib broker in 639ms.
2016-11-08 18:15:46,415 DEBUG(DruidBrokerUtil.java:126): JSON result correctly received with 2 rows.
2016-11-08 18:15:46,416 DEBUG(CreateDruidQuery.java:271): Checking parameters...
2016-11-08 18:15:46,417 DEBUG(CreateDruidQuery.java:230): Params OK. Preparing query...
2016-11-08 18:15:46,418 INFO (CreateDruidQuery.java:239): CreateDruidQuery [select=[SUM(avg_bitrate) AS sum_avg_bitrate, COUNT(*) AS count, (sum_avg_bitrate / count) AS avg_avg_bitrate, SUM(buffer_underruns) AS sum_buffer_underruns, (sum_buffer_underruns / count) AS avg_buffer_underruns, SUM(viewtime) AS sum_viewtime, (sum_viewtime / count) AS avg_viewtime, SUM(startup_time) AS sum_startup_time, (sum_startup_time / count) AS avg_startup_time, SUM(buffer_underrun_total/viewtime) AS sumOfBufferRatios, (SUM(sumOfBufferRatios) / SUM(count)) AS avg_buffer_ratio],fromDate=1970-01-01T01:00:00.000+01:00,toDate=2016-11-08T18:15:45.693+01:00,dataSource=youbora_events_13,filter=[user_id == "12760828"],granularity=ALL,limit=100,groupBy=true,orderBy=[],having=[]]
2016-11-08 18:15:46,420 DEBUG(TimeseriesQuery.java:24): Created timeseries query: 
 {"queryType": "timeseries","dataSource": "youbora_events_13","granularity": "all","filter": { "type": "and","fields":[{"type":"selector", "dimension":"user_id", "value":"12760828"}]},"aggregations":[{"type":"doubleSum", "name":"sum_avg_bitrate", "fieldName":"avg_bitrate"}, {"type":"count","name":"count"}, {"type":"doubleSum", "name":"sum_buffer_underruns", "fieldName":"buffer_underruns"}, {"type":"doubleSum", "name":"sum_viewtime", "fieldName":"viewtime"}, {"type":"doubleSum", "name":"sum_startup_time", "fieldName":"startup_time"}, {"type":"javascript","name":"sumOfBufferRatios","fieldNames":["buffer_underrun_total","viewtime","viewtime"],"fnAggregate":"function(current,buffer_underrun_total,viewtime,viewtime){if(viewtime > 0){return current + (buffer_underrun_total/viewtime);}else{return current;}}","fnCombine":"function(partialA, partialB){return partialA + partialB;}","fnReset":"function(){return 0;}"}],"postAggregations":[{"type":"arithmetic","name":"avg_avg_bitrate","fn":"/","fields":[{"type":"fieldAccess","fieldName":"sum_avg_bitrate"},{"type":"fieldAccess","fieldName":"count"}]}, {"type":"arithmetic","name":"avg_buffer_underruns","fn":"/","fields":[{"type":"fieldAccess","fieldName":"sum_buffer_underruns"},{"type":"fieldAccess","fieldName":"count"}]}, {"type":"arithmetic","name":"avg_viewtime","fn":"/","fields":[{"type":"fieldAccess","fieldName":"sum_viewtime"},{"type":"fieldAccess","fieldName":"count"}]}, {"type":"arithmetic","name":"avg_startup_time","fn":"/","fields":[{"type":"fieldAccess","fieldName":"sum_startup_time"},{"type":"fieldAccess","fieldName":"count"}]}, {"type":"arithmetic","name":"avg_buffer_ratio","fn":"/","fields":[{"type":"fieldAccess","fieldName":"sumOfBufferRatios"},{"type":"fieldAccess","fieldName":"count"}]}],"intervals": ["1970-01-01T01:00:00.000+01:00/2016-11-08T18:15:45.693+01:00"],"context":{"skipEmptyBuckets":"false","timeout":40000}}
2016-11-08 18:15:46,421 DEBUG(DruidBrokerUtil.java:28): POSTing query to http://druid-brokers-nl.youbora.com/druid/v2/?pretty.
2016-11-08 18:15:46,690 DEBUG(DruidBrokerUtil.java:125): Query resolved by druid lib broker in 269ms.
2016-11-08 18:15:46,690 DEBUG(DruidBrokerUtil.java:126): JSON result correctly received with 1 rows.
2016-11-08 18:17:30,316 DEBUG(NiceForestContainer.java:29): Handling request
2016-11-08 18:17:30,316 DEBUG(TaskSimple.java:39): Starting task
2016-11-08 18:17:30,317 DEBUG(CreateDruidQuery.java:271): Checking parameters...
2016-11-08 18:17:30,318 DEBUG(CreateDruidQuery.java:230): Params OK. Preparing query...
2016-11-08 18:17:30,318 INFO (CreateDruidQuery.java:239): CreateDruidQuery [select=[avg_bitrate, buffer_underruns, buffer_underrun_total, viewtime, startup_time, outBytes],fromDate=1970-01-01T01:00:00.000+01:00,toDate=2016-11-08T18:17:30.317+01:00,dataSource=youbora_events_13,filter=[user_id == "13025008", event_type == "STOP"],granularity=ALL,limit=2,groupBy=false,orderBy=[timestamp DESC],having=[]]
2016-11-08 18:17:30,319 DEBUG(SelectQuery.java:34): Created select query: 
 {"queryType": "select","dataSource": "youbora_events_13","granularity": "all","descending": "true","dimensions":[],"metrics":["avg_bitrate", "buffer_underruns", "buffer_underrun_total", "viewtime", "startup_time", "outBytes"],"filter": { "type": "and","fields":[{"type":"selector", "dimension":"user_id", "value":"13025008"}, {"type":"selector", "dimension":"event_type", "value":"STOP"}]},"intervals": ["1970-01-01T01:00:00.000+01:00/2016-11-08T18:17:30.317+01:00"],"pagingSpec":{"pagingIdentifiers":{}, "threshold":2, "fromNext": true},"context":{"timeout":40000}}
2016-11-08 18:17:30,319 DEBUG(DruidBrokerUtil.java:28): POSTing query to http://druid-brokers-nl.youbora.com/druid/v2/?pretty.
2016-11-08 18:17:30,865 DEBUG(DruidBrokerUtil.java:125): Query resolved by druid lib broker in 546ms.
2016-11-08 18:17:30,866 DEBUG(DruidBrokerUtil.java:126): JSON result correctly received with 0 rows.
2016-11-08 18:17:30,868 DEBUG(CreateDruidQuery.java:271): Checking parameters...
2016-11-08 18:17:30,869 DEBUG(CreateDruidQuery.java:230): Params OK. Preparing query...
2016-11-08 18:17:30,870 INFO (CreateDruidQuery.java:239): CreateDruidQuery [select=[SUM(avg_bitrate) AS sum_avg_bitrate, COUNT(*) AS count, (sum_avg_bitrate / count) AS avg_avg_bitrate, SUM(buffer_underruns) AS sum_buffer_underruns, (sum_buffer_underruns / count) AS avg_buffer_underruns, SUM(viewtime) AS sum_viewtime, (sum_viewtime / count) AS avg_viewtime, SUM(startup_time) AS sum_startup_time, (sum_startup_time / count) AS avg_startup_time, SUM(buffer_underrun_total/viewtime) AS sumOfBufferRatios, (SUM(sumOfBufferRatios) / SUM(count)) AS avg_buffer_ratio],fromDate=1970-01-01T01:00:00.000+01:00,toDate=2016-11-08T18:17:30.317+01:00,dataSource=youbora_events_13,filter=[user_id == "13025008"],granularity=ALL,limit=100,groupBy=true,orderBy=[],having=[]]
2016-11-08 18:17:30,872 DEBUG(TimeseriesQuery.java:24): Created timeseries query: 
 {"queryType": "timeseries","dataSource": "youbora_events_13","granularity": "all","filter": { "type": "and","fields":[{"type":"selector", "dimension":"user_id", "value":"13025008"}]},"aggregations":[{"type":"doubleSum", "name":"sum_avg_bitrate", "fieldName":"avg_bitrate"}, {"type":"count","name":"count"}, {"type":"doubleSum", "name":"sum_buffer_underruns", "fieldName":"buffer_underruns"}, {"type":"doubleSum", "name":"sum_viewtime", "fieldName":"viewtime"}, {"type":"doubleSum", "name":"sum_startup_time", "fieldName":"startup_time"}, {"type":"javascript","name":"sumOfBufferRatios","fieldNames":["buffer_underrun_total","viewtime","viewtime"],"fnAggregate":"function(current,buffer_underrun_total,viewtime,viewtime){if(viewtime > 0){return current + (buffer_underrun_total/viewtime);}else{return current;}}","fnCombine":"function(partialA, partialB){return partialA + partialB;}","fnReset":"function(){return 0;}"}],"postAggregations":[{"type":"arithmetic","name":"avg_avg_bitrate","fn":"/","fields":[{"type":"fieldAccess","fieldName":"sum_avg_bitrate"},{"type":"fieldAccess","fieldName":"count"}]}, {"type":"arithmetic","name":"avg_buffer_underruns","fn":"/","fields":[{"type":"fieldAccess","fieldName":"sum_buffer_underruns"},{"type":"fieldAccess","fieldName":"count"}]}, {"type":"arithmetic","name":"avg_viewtime","fn":"/","fields":[{"type":"fieldAccess","fieldName":"sum_viewtime"},{"type":"fieldAccess","fieldName":"count"}]}, {"type":"arithmetic","name":"avg_startup_time","fn":"/","fields":[{"type":"fieldAccess","fieldName":"sum_startup_time"},{"type":"fieldAccess","fieldName":"count"}]}, {"type":"arithmetic","name":"avg_buffer_ratio","fn":"/","fields":[{"type":"fieldAccess","fieldName":"sumOfBufferRatios"},{"type":"fieldAccess","fieldName":"count"}]}],"intervals": ["1970-01-01T01:00:00.000+01:00/2016-11-08T18:17:30.317+01:00"],"context":{"skipEmptyBuckets":"false","timeout":40000}}
2016-11-08 18:17:30,874 DEBUG(DruidBrokerUtil.java:28): POSTing query to http://druid-brokers-nl.youbora.com/druid/v2/?pretty.
2016-11-08 18:17:31,134 DEBUG(DruidBrokerUtil.java:125): Query resolved by druid lib broker in 259ms.
2016-11-08 18:17:31,134 DEBUG(DruidBrokerUtil.java:126): JSON result correctly received with 1 rows.
